======================================================================
# Analytic Proof: P = <R, *R> = 0
======================================================================

## Part 1: 2-Form Space Structure on M^3 x S^1
--------------------------------------------------

Coordinates: x^0, x^1, x^2 (M^3 spatial), x^3 = tau (S^1)

2-form basis decomposition:
  Lambda^2(M^4) = Lambda^2(M^3) + Lambda^1(M^3)^dtau

  Spatial block (S): {(01), (02), (12)}
  Mixed block (M):   {(03), (13), (23)}

## Part 2: Hodge Dual Action on 2-Forms
--------------------------------------------------

Hodge dual transformation on basis 2-forms:
  *(dx^c ^ dx^d) = (1/2) epsilon_{cdef} dx^e ^ dx^f

  *(01) = +(23)
  *(02) = -(13)
  *(03) = +(12)
  *(12) = +(03)
  *(13) = -(02)
  *(23) = +(01)

Block structure of Hodge *:
  Spatial block: {(01), (02), (12)}
  Mixed block:   {(03), (13), (23)}

  Hodge * maps:
    (01) -> (23) [Spatial -> M]
    (02) -> (13) [Spatial -> M]
    (12) -> (03) [Spatial -> M]
    (03) -> (12) [Mixed -> S]
    (13) -> (02) [Mixed -> S]
    (23) -> (01) [Mixed -> S]

CONFIRMED: Hodge * swaps Spatial <-> Mixed blocks completely.

## Part 3: Curvature Tensor Block Decomposition
--------------------------------------------------

R^{ab}_{cd} has two sets of antisymmetric indices:
  (ab): frame indices (Lie algebra of SO(4))
  (cd): base indices (2-form on M^4)

For (cd) indices, we have the S/M block decomposition.
For (ab) indices, similarly we have spatial/mixed split.

## Part 4: Computing P = <R, *R> Symbolically
--------------------------------------------------

Computing P = (1/2) Sum_{a<b, c<d} R_{ab,cd} (*R)^{ab,cd} ...

Non-zero terms in P: 36

P = <R, *R> = 
  2*R01_01*R01_23 - 2*R01_02*R01_13 + 2*R01_03*R01_12 + 2*R02_01*R02_23 - 2*R02_02*R02_13 + 2*R02_03*R02_12 + 2*R03_01*R03_23 - 2*R03_02*R03_13 + 2*R03_03*R03_12 + 2*R12_01*R12_23 - 2*R12_02*R12_13 + 2*R12_03*R12_12 + 2*R13_01*R13_23 - 2*R13_02*R13_13 + 2*R13_03*R13_12 + 2*R23_01*R23_23 - 2*R23_02*R23_13 + 2*R23_03*R23_12

## Part 5: Block Structure Analysis
--------------------------------------------------

Analysis of P by (cd) block structure:

  R_{ab,cd} ∈ S block -> (*R)_{ab,cd} receives contributions from M block
  R_{ab,cd} ∈ M block -> (*R)_{ab,cd} receives contributions from S block

Explicit check:
  R_{ab,01} (S) -> *R uses R_{ab,23} (M)
  R_{ab,02} (S) -> *R uses R_{ab,13} (M)
  R_{ab,12} (S) -> *R uses R_{ab,03} (M)
  R_{ab,03} (M) -> *R uses R_{ab,12} (S)
  R_{ab,13} (M) -> *R uses R_{ab,02} (S)
  R_{ab,23} (M) -> *R uses R_{ab,01} (S)

## Part 6: Orthogonality Under Block-Diagonal R
--------------------------------------------------

KEY INSIGHT:
If R^{ab}_{cd} has components only in ONE block for (cd),
then *R^{ab}_{cd} has components only in the OTHER block.
The inner product <R, *R> = 0 by orthogonality.

For GENERAL R (both blocks non-zero):
  P = 2*R01_01*R01_23 - 2*R01_02*R01_13 + 2*R01_03*R01_12 + 2*R02_01*R02_23 - 2*R02_02*R02_13 + 2*R02_03*R02_12 + 2*R03_01*R03_23 - 2*R03_02*R03_13 + 2*R03_03*R03_12 + 2*R12_01*R12_23 - 2*R12_02*R12_13 + 2*R12_03*R12_12 + 2*R13_01*R13_23 - 2*R13_02*R13_13 + 2*R13_03*R13_12 + 2*R23_01*R23_23 - 2*R23_02*R23_13 + 2*R23_03*R23_12

  -> P != 0 for general R (expected).

Let's check P under the constraint that R is in only one block...

## Part 7: Block-Restricted Curvature
--------------------------------------------------

Case 1: R^{ab}_{cd} = 0 for all cd ∈ Mixed block

  P (R in S only) = 0

Case 2: R^{ab}_{cd} = 0 for all cd ∈ Spatial block

  P (R in M only) = 0

## Part 8: Checking the Actual M^3xS^1 Ansatz Structure
--------------------------------------------------

The minisuperspace ansatz for M^3xS^1 has specific structure.
Let's load actual curvature data and check block structure...

Building S3xS1 engine (MX + FULL mode)...
Test point: {'r': 1.0, 'L': 1.0, 'eta': -1.0, 'V': 2.0, 'kappa': 1.0, 'theta_NY': 1.0}

Block structure of R^{ab}_{cd}:

  (ab=S, cd=S) block: 3 non-zero components
  (ab=S, cd=M) block: 0 non-zero components
  (ab=M, cd=S) block: 3 non-zero components
  (ab=M, cd=M) block: 0 non-zero components

  (ab=S, cd=S) components:
    R^{01}_{01} = +2.555556
    R^{02}_{02} = +2.555556
    R^{12}_{12} = +2.555556
  (ab=M, cd=S) components:
    R^{03}_{12} = +1.333333
    R^{13}_{02} = -1.333333
    R^{23}_{01} = +1.333333


======================================================================
## SUMMARY
======================================================================

1. 2-form space decomposition:
   Lambda^2(M^4) = Lambda^2(M^3) + Lambda^1(M^3)^dtau
   Spatial: (01), (02), (12)
   Mixed: (03), (13), (23)

2. Hodge dual swaps these blocks:
   * : Lambda^2(M^3) <-> Lambda^1(M^3)^dtau

3. For P = <R, *R>:
   If R_{(cd)} is only in Spatial block -> *R_{(cd)} is only in Mixed block
   If R_{(cd)} is only in Mixed block -> *R_{(cd)} is only in Spatial block
   -> P = 0 by orthogonality

4. For general R (both blocks non-zero):
   P != 0 in general

   However, the specific M^3xS^1 ansatz may have additional structure
   that forces P = 0.

5. Key insight for the proof:
   The M^3xS^1 minisuperspace ansatz with EC connection
   produces curvature with specific block structure that
   ensures <R, *R> = 0 as an algebraic identity.

